<?xml version="1.0" encoding="UTF-8"?>
<!-- Generated by org.testng.reporters.JUnitReportReporter -->
<testsuite skipped="0" hostname="sanjay" name="com.Banking_Testcases.TC_Login_001" tests="1" failures="0" timestamp="14 Sep 2021 06:54:11 GMT" time="7.537" errors="0">
  <testcase name="loginTest" time="7.537" classname="com.Banking_Testcases.TC_Login_001"/>
</testsuite> <!-- com.Banking_Testcases.TC_Login_001 -->
